<?xml version="1.0" encoding="utf-8"?>
<coverage line-rate="0.9145" branch-rate="0.8023" version="1.9" timestamp="1739514903" lines-covered="353" lines-valid="386" branches-covered="69" branches-valid="86">
  <sources>
    <source>C:\Users\Арам\</source>
  </sources>
  <packages>
    <package name="HashTable" line-rate="0.8976999999999999" branch-rate="0.8023" complexity="108">
      <classes>
        <class name="HashTable.HashEnumerator`2" filename="source\repos\HashTable\HashTable\HashEnumerator.cs" line-rate="0.7894" branch-rate="0.875" complexity="21">
          <methods>
            <method name="get_Current" signature="()" line-rate="1" branch-rate="1" complexity="1">
              <lines>
                <line number="22" hits="12" branch="False" />
              </lines>
            </method>
            <method name="System.Collections.IEnumerator.get_Current" signature="()" line-rate="0" branch-rate="1" complexity="1">
              <lines>
                <line number="24" hits="0" branch="False" />
              </lines>
            </method>
            <method name="Dispose" signature="()" line-rate="1" branch-rate="1" complexity="1">
              <lines>
                <line number="27" hits="14" branch="False" />
                <line number="28" hits="14" branch="False" />
              </lines>
            </method>
            <method name="MoveNext" signature="()" line-rate="0.9129999999999999" branch-rate="0.875" complexity="16">
              <lines>
                <line number="31" hits="24" branch="False" />
                <line number="32" hits="24" branch="True" condition-coverage="100% (4/4)">
                  <conditions>
                    <condition number="14" type="jump" coverage="100%" />
                    <condition number="47" type="jump" coverage="100%" />
                  </conditions>
                </line>
                <line number="33" hits="11" branch="False" />
                <line number="34" hits="11" branch="False" />
                <line number="35" hits="11" branch="False" />
                <line number="36" hits="11" branch="False" />
                <line number="37" hits="11" branch="False" />
                <line number="39" hits="69" branch="True" condition-coverage="100% (6/6)">
                  <conditions>
                    <condition number="159" type="jump" coverage="100%" />
                    <condition number="113" type="jump" coverage="100%" />
                    <condition number="128" type="jump" coverage="100%" />
                  </conditions>
                </line>
                <line number="40" hits="45" branch="False" />
                <line number="41" hits="45" branch="False" />
                <line number="43" hits="45" branch="False" />
                <line number="45" hits="24" branch="True" condition-coverage="100% (2/2)">
                  <conditions>
                    <condition number="181" type="jump" coverage="100%" />
                  </conditions>
                </line>
                <line number="46" hits="12" branch="False" />
                <line number="47" hits="12" branch="False" />
                <line number="50" hits="12" branch="True" condition-coverage="50% (1/2)">
                  <conditions>
                    <condition number="218" type="jump" coverage="50%" />
                  </conditions>
                </line>
                <line number="51" hits="12" branch="False" />
                <line number="53" hits="12" branch="True" condition-coverage="50% (1/2)">
                  <conditions>
                    <condition number="234" type="jump" coverage="50%" />
                  </conditions>
                </line>
                <line number="54" hits="12" branch="False" />
                <line number="56" hits="0" branch="False" />
                <line number="57" hits="12" branch="False" />
                <line number="58" hits="12" branch="False" />
                <line number="61" hits="0" branch="False" />
                <line number="62" hits="24" branch="False" />
              </lines>
            </method>
            <method name="Reset" signature="()" line-rate="0" branch-rate="1" complexity="1">
              <lines>
                <line number="64" hits="0" branch="False" />
                <line number="65" hits="0" branch="False" />
                <line number="66" hits="0" branch="False" />
                <line number="67" hits="0" branch="False" />
                <line number="68" hits="0" branch="False" />
              </lines>
            </method>
            <method name=".ctor" signature="(System.Collections.Generic.LinkedList`1&lt;HashTable.KeysAndValues`2&lt;TKey,TValue&gt;&gt;[])" line-rate="1" branch-rate="1" complexity="1">
              <lines>
                <line number="12" hits="14" branch="False" />
                <line number="16" hits="14" branch="False" />
                <line number="17" hits="14" branch="False" />
                <line number="18" hits="14" branch="False" />
                <line number="19" hits="14" branch="False" />
                <line number="20" hits="14" branch="False" />
              </lines>
            </method>
          </methods>
          <lines>
            <line number="22" hits="12" branch="False" />
            <line number="24" hits="0" branch="False" />
            <line number="27" hits="14" branch="False" />
            <line number="28" hits="14" branch="False" />
            <line number="31" hits="24" branch="False" />
            <line number="32" hits="24" branch="True" condition-coverage="100% (4/4)">
              <conditions>
                <condition number="14" type="jump" coverage="100%" />
                <condition number="47" type="jump" coverage="100%" />
              </conditions>
            </line>
            <line number="33" hits="11" branch="False" />
            <line number="34" hits="11" branch="False" />
            <line number="35" hits="11" branch="False" />
            <line number="36" hits="11" branch="False" />
            <line number="37" hits="11" branch="False" />
            <line number="39" hits="69" branch="True" condition-coverage="100% (6/6)">
              <conditions>
                <condition number="159" type="jump" coverage="100%" />
                <condition number="113" type="jump" coverage="100%" />
                <condition number="128" type="jump" coverage="100%" />
              </conditions>
            </line>
            <line number="40" hits="45" branch="False" />
            <line number="41" hits="45" branch="False" />
            <line number="43" hits="45" branch="False" />
            <line number="45" hits="24" branch="True" condition-coverage="100% (2/2)">
              <conditions>
                <condition number="181" type="jump" coverage="100%" />
              </conditions>
            </line>
            <line number="46" hits="12" branch="False" />
            <line number="47" hits="12" branch="False" />
            <line number="50" hits="12" branch="True" condition-coverage="50% (1/2)">
              <conditions>
                <condition number="218" type="jump" coverage="50%" />
              </conditions>
            </line>
            <line number="51" hits="12" branch="False" />
            <line number="53" hits="12" branch="True" condition-coverage="50% (1/2)">
              <conditions>
                <condition number="234" type="jump" coverage="50%" />
              </conditions>
            </line>
            <line number="54" hits="12" branch="False" />
            <line number="56" hits="0" branch="False" />
            <line number="57" hits="12" branch="False" />
            <line number="58" hits="12" branch="False" />
            <line number="61" hits="0" branch="False" />
            <line number="62" hits="24" branch="False" />
            <line number="64" hits="0" branch="False" />
            <line number="65" hits="0" branch="False" />
            <line number="66" hits="0" branch="False" />
            <line number="67" hits="0" branch="False" />
            <line number="68" hits="0" branch="False" />
            <line number="12" hits="14" branch="False" />
            <line number="16" hits="14" branch="False" />
            <line number="17" hits="14" branch="False" />
            <line number="18" hits="14" branch="False" />
            <line number="19" hits="14" branch="False" />
            <line number="20" hits="14" branch="False" />
          </lines>
        </class>
        <class name="HashTable.NewHashTable`2" filename="source\repos\HashTable\HashTable\HashTable.cs" line-rate="0.9174" branch-rate="0.8029999999999999" complexity="81">
          <methods>
            <method name="get_Storage" signature="()" line-rate="1" branch-rate="1" complexity="1">
              <lines>
                <line number="14" hits="1" branch="False" />
                <line number="15" hits="1" branch="False" />
                <line number="16" hits="1" branch="False" />
              </lines>
            </method>
            <method name="get_Capacity" signature="()" line-rate="1" branch-rate="1" complexity="1">
              <lines>
                <line number="21" hits="4" branch="False" />
                <line number="22" hits="4" branch="False" />
                <line number="23" hits="4" branch="False" />
              </lines>
            </method>
            <method name="set_Capacity" signature="(System.Int32)" line-rate="0.8" branch-rate="0.5" complexity="2">
              <lines>
                <line number="25" hits="3" branch="False" />
                <line number="26" hits="3" branch="True" condition-coverage="50% (1/2)">
                  <conditions>
                    <condition number="7" type="jump" coverage="50%" />
                  </conditions>
                </line>
                <line number="27" hits="0" branch="False" />
                <line number="28" hits="3" branch="False" />
                <line number="29" hits="3" branch="False" />
              </lines>
            </method>
            <method name="get_Count" signature="()" line-rate="1" branch-rate="1" complexity="1">
              <lines>
                <line number="32" hits="93" branch="False" />
              </lines>
            </method>
            <method name="get_IsReadOnly" signature="()" line-rate="1" branch-rate="1" complexity="1">
              <lines>
                <line number="34" hits="29" branch="False" />
              </lines>
            </method>
            <method name="Add" signature="(TKey,TValue)" line-rate="0.9129999999999999" branch-rate="0.8332999999999999" complexity="6">
              <lines>
                <line number="57" hits="23" branch="False" />
                <line number="58" hits="23" branch="True" condition-coverage="50% (1/2)">
                  <conditions>
                    <condition number="12" type="jump" coverage="50%" />
                  </conditions>
                </line>
                <line number="59" hits="23" branch="False" />
                <line number="60" hits="23" branch="True" condition-coverage="100% (2/2)">
                  <conditions>
                    <condition number="27" type="jump" coverage="100%" />
                  </conditions>
                </line>
                <line number="61" hits="1" branch="False" />
                <line number="62" hits="1" branch="False" />
                <line number="65" hits="22" branch="False" />
                <line number="66" hits="22" branch="False" />
                <line number="67" hits="22" branch="False" />
                <line number="68" hits="22" branch="False" />
                <line number="69" hits="22" branch="False" />
                <line number="70" hits="22" branch="False" />
                <line number="71" hits="22" branch="False" />
                <line number="72" hits="22" branch="False" />
                <line number="73" hits="22" branch="True" condition-coverage="100% (2/2)">
                  <conditions>
                    <condition number="132" type="jump" coverage="100%" />
                  </conditions>
                </line>
                <line number="74" hits="1" branch="False" />
                <line number="75" hits="1" branch="False" />
                <line number="76" hits="1" branch="False" />
                <line number="77" hits="22" branch="False" />
                <line number="78" hits="22" branch="False" />
                <line number="80" hits="0" branch="False" />
                <line number="81" hits="0" branch="False" />
                <line number="83" hits="22" branch="False" />
              </lines>
            </method>
            <method name="Remove" signature="(TKey)" line-rate="0.8332999999999999" branch-rate="0.625" complexity="8">
              <lines>
                <line number="86" hits="4" branch="False" />
                <line number="87" hits="4" branch="True" condition-coverage="50% (1/2)">
                  <conditions>
                    <condition number="12" type="jump" coverage="50%" />
                  </conditions>
                </line>
                <line number="88" hits="4" branch="False" />
                <line number="89" hits="4" branch="False" />
                <line number="90" hits="4" branch="True" condition-coverage="100% (2/2)">
                  <conditions>
                    <condition number="35" type="jump" coverage="100%" />
                  </conditions>
                </line>
                <line number="91" hits="3" branch="False" />
                <line number="92" hits="12" branch="True" condition-coverage="50% (1/2)">
                  <conditions>
                    <condition number="164" type="jump" coverage="50%" />
                  </conditions>
                </line>
                <line number="93" hits="3" branch="False" />
                <line number="94" hits="3" branch="True" condition-coverage="50% (1/2)">
                  <conditions>
                    <condition number="100" type="jump" coverage="50%" />
                  </conditions>
                </line>
                <line number="95" hits="3" branch="False" />
                <line number="96" hits="3" branch="False" />
                <line number="97" hits="3" branch="False" />
                <line number="98" hits="3" branch="False" />
                <line number="100" hits="0" branch="False" />
                <line number="101" hits="0" branch="False" />
                <line number="102" hits="1" branch="False" />
                <line number="104" hits="0" branch="False" />
                <line number="105" hits="3" branch="False" />
              </lines>
            </method>
            <method name="IndexStorage" signature="(TKey)" line-rate="1" branch-rate="1" complexity="1">
              <lines>
                <line number="108" hits="70" branch="False" />
                <line number="109" hits="70" branch="False" />
                <line number="110" hits="70" branch="False" />
              </lines>
            </method>
            <method name="ContainsKey" signature="(TKey)" line-rate="0.9229999999999999" branch-rate="0.8332999999999999" complexity="6">
              <lines>
                <line number="113" hits="41" branch="False" />
                <line number="114" hits="41" branch="False" />
                <line number="116" hits="41" branch="True" condition-coverage="100% (2/2)">
                  <conditions>
                    <condition number="22" type="jump" coverage="100%" />
                  </conditions>
                </line>
                <line number="117" hits="14" branch="False" />
                <line number="118" hits="52" branch="True" condition-coverage="100% (2/2)">
                  <conditions>
                    <condition number="98" type="jump" coverage="100%" />
                  </conditions>
                </line>
                <line number="119" hits="10" branch="False" />
                <line number="120" hits="10" branch="True" condition-coverage="50% (1/2)">
                  <conditions>
                    <condition number="82" type="jump" coverage="50%" />
                  </conditions>
                </line>
                <line number="121" hits="10" branch="False" />
                <line number="122" hits="10" branch="False" />
                <line number="124" hits="0" branch="False" />
                <line number="125" hits="4" branch="False" />
                <line number="126" hits="31" branch="False" />
                <line number="127" hits="41" branch="False" />
              </lines>
            </method>
            <method name="ContainsValue" signature="(System.Object)" line-rate="0.875" branch-rate="0.75" complexity="4">
              <lines>
                <line number="130" hits="4" branch="False" />
                <line number="131" hits="14" branch="True" condition-coverage="100% (2/2)">
                  <conditions>
                    <condition number="56" type="jump" coverage="100%" />
                  </conditions>
                </line>
                <line number="132" hits="2" branch="False" />
                <line number="133" hits="2" branch="True" condition-coverage="50% (1/2)">
                  <conditions>
                    <condition number="42" type="jump" coverage="50%" />
                  </conditions>
                </line>
                <line number="134" hits="2" branch="False" />
                <line number="135" hits="0" branch="False" />
                <line number="136" hits="2" branch="False" />
                <line number="137" hits="4" branch="False" />
              </lines>
            </method>
            <method name="get_Item" signature="(TKey)" line-rate="1" branch-rate="1" complexity="2">
              <lines>
                <line number="142" hits="2" branch="False" />
                <line number="143" hits="2" branch="True" condition-coverage="100% (2/2)">
                  <conditions>
                    <condition number="10" type="jump" coverage="100%" />
                  </conditions>
                </line>
                <line number="144" hits="1" branch="False" />
                <line number="145" hits="1" branch="False" />
                <line number="146" hits="1" branch="False" />
                <line number="148" hits="1" branch="False" />
                <line number="149" hits="1" branch="False" />
              </lines>
            </method>
            <method name="set_Item" signature="(TKey,TValue)" line-rate="0.8571" branch-rate="0.75" complexity="4">
              <lines>
                <line number="151" hits="2" branch="False" />
                <line number="152" hits="2" branch="True" condition-coverage="50% (1/2)">
                  <conditions>
                    <condition number="12" type="jump" coverage="50%" />
                  </conditions>
                </line>
                <line number="153" hits="2" branch="False" />
                <line number="154" hits="2" branch="True" condition-coverage="100% (2/2)">
                  <conditions>
                    <condition number="24" type="jump" coverage="100%" />
                  </conditions>
                </line>
                <line number="155" hits="1" branch="False" />
                <line number="156" hits="1" branch="False" />
                <line number="157" hits="1" branch="False" />
                <line number="158" hits="1" branch="False" />
                <line number="160" hits="1" branch="False" />
                <line number="161" hits="1" branch="False" />
                <line number="163" hits="1" branch="False" />
                <line number="165" hits="0" branch="False" />
                <line number="166" hits="0" branch="False" />
                <line number="168" hits="1" branch="False" />
              </lines>
            </method>
            <method name="ChangeValue" signature="(TKey,TValue,System.Collections.Generic.LinkedList`1&lt;HashTable.KeysAndValues`2&lt;TKey,TValue&gt;&gt;)" line-rate="1" branch-rate="1" complexity="4">
              <lines>
                <line number="172" hits="1" branch="False" />
                <line number="173" hits="5" branch="True" condition-coverage="100% (2/2)">
                  <conditions>
                    <condition number="68" type="jump" coverage="100%" />
                  </conditions>
                </line>
                <line number="174" hits="1" branch="False" />
                <line number="175" hits="1" branch="True" condition-coverage="100% (2/2)">
                  <conditions>
                    <condition number="48" type="jump" coverage="100%" />
                  </conditions>
                </line>
                <line number="176" hits="1" branch="False" />
                <line number="177" hits="1" branch="False" />
                <line number="178" hits="1" branch="False" />
                <line number="179" hits="1" branch="False" />
                <line number="180" hits="1" branch="False" />
              </lines>
            </method>
            <method name="FindValueWithKey" signature="(TKey,System.Collections.Generic.LinkedList`1&lt;HashTable.KeysAndValues`2&lt;TKey,TValue&gt;&gt;)" line-rate="0.7777" branch-rate="0.5" complexity="4">
              <lines>
                <line number="183" hits="1" branch="False" />
                <line number="184" hits="4" branch="True" condition-coverage="50% (1/2)">
                  <conditions>
                    <condition number="69" type="jump" coverage="50%" />
                  </conditions>
                </line>
                <line number="185" hits="1" branch="False" />
                <line number="186" hits="1" branch="True" condition-coverage="50% (1/2)">
                  <conditions>
                    <condition number="48" type="jump" coverage="50%" />
                  </conditions>
                </line>
                <line number="187" hits="1" branch="False" />
                <line number="188" hits="1" branch="False" />
                <line number="190" hits="0" branch="False" />
                <line number="191" hits="0" branch="False" />
                <line number="192" hits="1" branch="False" />
              </lines>
            </method>
            <method name="CreateList" signature="(TKey,System.Int32&amp;)" line-rate="1" branch-rate="1" complexity="2">
              <lines>
                <line number="195" hits="22" branch="False" />
                <line number="196" hits="22" branch="False" />
                <line number="198" hits="22" branch="True" condition-coverage="100% (2/2)">
                  <conditions>
                    <condition number="24" type="jump" coverage="100%" />
                  </conditions>
                </line>
                <line number="199" hits="22" branch="False" />
                <line number="200" hits="22" branch="False" />
                <line number="201" hits="22" branch="False" />
                <line number="202" hits="22" branch="False" />
              </lines>
            </method>
            <method name="GetEnumerator" signature="()" line-rate="1" branch-rate="1" complexity="1">
              <lines>
                <line number="205" hits="14" branch="False" />
                <line number="206" hits="14" branch="False" />
                <line number="207" hits="14" branch="False" />
              </lines>
            </method>
            <method name="System.Collections.IEnumerable.GetEnumerator" signature="()" line-rate="0" branch-rate="1" complexity="1">
              <lines>
                <line number="210" hits="0" branch="False" />
                <line number="211" hits="0" branch="False" />
                <line number="212" hits="0" branch="False" />
              </lines>
            </method>
            <method name="Add" signature="(HashTable.KeysAndValues`2&lt;TKey,TValue&gt;)" line-rate="1" branch-rate="1" complexity="1">
              <lines>
                <line number="215" hits="11" branch="False" />
                <line number="216" hits="11" branch="False" />
                <line number="217" hits="11" branch="False" />
              </lines>
            </method>
            <method name="Clear" signature="()" line-rate="1" branch-rate="1" complexity="1">
              <lines>
                <line number="220" hits="1" branch="False" />
                <line number="221" hits="1" branch="False" />
                <line number="222" hits="1" branch="False" />
              </lines>
            </method>
            <method name="Contains" signature="(HashTable.KeysAndValues`2&lt;TKey,TValue&gt;)" line-rate="1" branch-rate="1" complexity="1">
              <lines>
                <line number="225" hits="4" branch="False" />
                <line number="226" hits="4" branch="False" />
                <line number="227" hits="4" branch="False" />
              </lines>
            </method>
            <method name="CopyTo" signature="(HashTable.KeysAndValues`2&lt;TKey,TValue&gt;[],System.Int32)" line-rate="1" branch-rate="1" complexity="6">
              <lines>
                <line number="230" hits="2" branch="False" />
                <line number="231" hits="2" branch="True" condition-coverage="100% (4/4)">
                  <conditions>
                    <condition number="3" type="jump" coverage="100%" />
                    <condition number="23" type="jump" coverage="100%" />
                  </conditions>
                </line>
                <line number="232" hits="1" branch="False" />
                <line number="234" hits="5" branch="True" condition-coverage="100% (2/2)">
                  <conditions>
                    <condition number="70" type="jump" coverage="100%" />
                  </conditions>
                </line>
                <line number="235" hits="1" branch="False" />
                <line number="236" hits="1" branch="False" />
                <line number="237" hits="1" branch="False" />
                <line number="238" hits="1" branch="False" />
                <line number="239" hits="1" branch="False" />
              </lines>
            </method>
            <method name="Remove" signature="(HashTable.KeysAndValues`2&lt;TKey,TValue&gt;)" line-rate="1" branch-rate="1" complexity="1">
              <lines>
                <line number="242" hits="1" branch="False" />
                <line number="243" hits="1" branch="False" />
                <line number="244" hits="1" branch="False" />
              </lines>
            </method>
            <method name="Clone" signature="()" line-rate="1" branch-rate="1" complexity="2">
              <lines>
                <line number="247" hits="2" branch="False" />
                <line number="248" hits="2" branch="False" />
                <line number="249" hits="10" branch="True" condition-coverage="100% (2/2)">
                  <conditions>
                    <condition number="57" type="jump" coverage="100%" />
                  </conditions>
                </line>
                <line number="250" hits="2" branch="False" />
                <line number="251" hits="2" branch="False" />
                <line number="252" hits="2" branch="False" />
                <line number="253" hits="2" branch="False" />
                <line number="254" hits="2" branch="False" />
                <line number="255" hits="2" branch="False" />
                <line number="256" hits="2" branch="False" />
              </lines>
            </method>
            <method name="ShallowCopy" signature="()" line-rate="1" branch-rate="1" complexity="1">
              <lines>
                <line number="259" hits="1" branch="False" />
                <line number="260" hits="1" branch="False" />
                <line number="261" hits="1" branch="False" />
                <line number="263" hits="1" branch="False" />
              </lines>
            </method>
            <method name="UpdateRange" signature="()" line-rate="1" branch-rate="1" complexity="4">
              <lines>
                <line number="266" hits="1" branch="False" />
                <line number="267" hits="1" branch="False" />
                <line number="268" hits="1" branch="False" />
                <line number="269" hits="5" branch="True" condition-coverage="100% (2/2)">
                  <conditions>
                    <condition number="97" type="jump" coverage="100%" />
                  </conditions>
                </line>
                <line number="270" hits="1" branch="False" />
                <line number="271" hits="1" branch="False" />
                <line number="272" hits="1" branch="True" condition-coverage="100% (2/2)">
                  <conditions>
                    <condition number="68" type="jump" coverage="100%" />
                  </conditions>
                </line>
                <line number="273" hits="1" branch="False" />
                <line number="274" hits="1" branch="False" />
                <line number="275" hits="1" branch="False" />
                <line number="276" hits="1" branch="False" />
                <line number="277" hits="1" branch="False" />
                <line number="278" hits="1" branch="False" />
                <line number="279" hits="1" branch="False" />
              </lines>
            </method>
            <method name="Equals" signature="(System.Object)" line-rate="0.8695" branch-rate="0.75" complexity="12">
              <lines>
                <line number="282" hits="3" branch="False" />
                <line number="283" hits="3" branch="True" condition-coverage="50% (1/2)">
                  <conditions>
                    <condition number="14" type="jump" coverage="50%" />
                  </conditions>
                </line>
                <line number="284" hits="3" branch="False" />
                <line number="285" hits="3" branch="True" condition-coverage="50% (1/2)">
                  <conditions>
                    <condition number="41" type="jump" coverage="50%" />
                  </conditions>
                </line>
                <line number="286" hits="0" branch="False" />
                <line number="288" hits="3" branch="False" />
                <line number="289" hits="3" branch="False" />
                <line number="291" hits="15" branch="True" condition-coverage="100% (2/2)">
                  <conditions>
                    <condition number="101" type="jump" coverage="100%" />
                  </conditions>
                </line>
                <line number="292" hits="3" branch="False" />
                <line number="293" hits="3" branch="False" />
                <line number="294" hits="3" branch="False" />
                <line number="296" hits="15" branch="True" condition-coverage="100% (2/2)">
                  <conditions>
                    <condition number="156" type="jump" coverage="100%" />
                  </conditions>
                </line>
                <line number="297" hits="3" branch="False" />
                <line number="298" hits="3" branch="False" />
                <line number="299" hits="3" branch="False" />
                <line number="301" hits="12" branch="True" condition-coverage="100% (2/2)">
                  <conditions>
                    <condition number="235" type="jump" coverage="100%" />
                  </conditions>
                </line>
                <line number="302" hits="3" branch="False" />
                <line number="303" hits="3" branch="True" condition-coverage="50% (1/2)">
                  <conditions>
                    <condition number="207" type="jump" coverage="50%" />
                  </conditions>
                </line>
                <line number="304" hits="0" branch="False" />
                <line number="305" hits="3" branch="False" />
                <line number="306" hits="3" branch="False" />
                <line number="308" hits="0" branch="False" />
                <line number="309" hits="3" branch="False" />
              </lines>
            </method>
            <method name=".ctor" signature="()" line-rate="1" branch-rate="1" complexity="1">
              <lines>
                <line number="37" hits="1" branch="False" />
                <line number="38" hits="1" branch="False" />
                <line number="39" hits="1" branch="False" />
                <line number="40" hits="1" branch="False" />
                <line number="41" hits="1" branch="False" />
              </lines>
            </method>
            <method name=".ctor" signature="(System.Int32)" line-rate="1" branch-rate="1" complexity="1">
              <lines>
                <line number="43" hits="24" branch="False" />
                <line number="44" hits="24" branch="False" />
                <line number="45" hits="24" branch="False" />
                <line number="46" hits="24" branch="False" />
                <line number="47" hits="24" branch="False" />
              </lines>
            </method>
            <method name=".ctor" signature="(HashTable.NewHashTable`2&lt;TKey,TValue&gt;)" line-rate="1" branch-rate="1" complexity="1">
              <lines>
                <line number="49" hits="1" branch="False" />
                <line number="50" hits="1" branch="False" />
                <line number="51" hits="1" branch="False" />
                <line number="52" hits="1" branch="False" />
                <line number="53" hits="1" branch="False" />
                <line number="54" hits="1" branch="False" />
              </lines>
            </method>
          </methods>
          <lines>
            <line number="14" hits="1" branch="False" />
            <line number="15" hits="1" branch="False" />
            <line number="16" hits="1" branch="False" />
            <line number="21" hits="4" branch="False" />
            <line number="22" hits="4" branch="False" />
            <line number="23" hits="4" branch="False" />
            <line number="25" hits="3" branch="False" />
            <line number="26" hits="3" branch="True" condition-coverage="50% (1/2)">
              <conditions>
                <condition number="7" type="jump" coverage="50%" />
              </conditions>
            </line>
            <line number="27" hits="0" branch="False" />
            <line number="28" hits="3" branch="False" />
            <line number="29" hits="3" branch="False" />
            <line number="32" hits="93" branch="False" />
            <line number="34" hits="29" branch="False" />
            <line number="57" hits="23" branch="False" />
            <line number="58" hits="23" branch="True" condition-coverage="50% (1/2)">
              <conditions>
                <condition number="12" type="jump" coverage="50%" />
              </conditions>
            </line>
            <line number="59" hits="23" branch="False" />
            <line number="60" hits="23" branch="True" condition-coverage="100% (2/2)">
              <conditions>
                <condition number="27" type="jump" coverage="100%" />
              </conditions>
            </line>
            <line number="61" hits="1" branch="False" />
            <line number="62" hits="1" branch="False" />
            <line number="65" hits="22" branch="False" />
            <line number="66" hits="22" branch="False" />
            <line number="67" hits="22" branch="False" />
            <line number="68" hits="22" branch="False" />
            <line number="69" hits="22" branch="False" />
            <line number="70" hits="22" branch="False" />
            <line number="71" hits="22" branch="False" />
            <line number="72" hits="22" branch="False" />
            <line number="73" hits="22" branch="True" condition-coverage="100% (2/2)">
              <conditions>
                <condition number="132" type="jump" coverage="100%" />
              </conditions>
            </line>
            <line number="74" hits="1" branch="False" />
            <line number="75" hits="1" branch="False" />
            <line number="76" hits="1" branch="False" />
            <line number="77" hits="22" branch="False" />
            <line number="78" hits="22" branch="False" />
            <line number="80" hits="0" branch="False" />
            <line number="81" hits="0" branch="False" />
            <line number="83" hits="22" branch="False" />
            <line number="86" hits="4" branch="False" />
            <line number="87" hits="4" branch="True" condition-coverage="50% (1/2)">
              <conditions>
                <condition number="12" type="jump" coverage="50%" />
              </conditions>
            </line>
            <line number="88" hits="4" branch="False" />
            <line number="89" hits="4" branch="False" />
            <line number="90" hits="4" branch="True" condition-coverage="100% (2/2)">
              <conditions>
                <condition number="35" type="jump" coverage="100%" />
              </conditions>
            </line>
            <line number="91" hits="3" branch="False" />
            <line number="92" hits="12" branch="True" condition-coverage="50% (1/2)">
              <conditions>
                <condition number="164" type="jump" coverage="50%" />
              </conditions>
            </line>
            <line number="93" hits="3" branch="False" />
            <line number="94" hits="3" branch="True" condition-coverage="50% (1/2)">
              <conditions>
                <condition number="100" type="jump" coverage="50%" />
              </conditions>
            </line>
            <line number="95" hits="3" branch="False" />
            <line number="96" hits="3" branch="False" />
            <line number="97" hits="3" branch="False" />
            <line number="98" hits="3" branch="False" />
            <line number="100" hits="0" branch="False" />
            <line number="101" hits="0" branch="False" />
            <line number="102" hits="1" branch="False" />
            <line number="104" hits="0" branch="False" />
            <line number="105" hits="3" branch="False" />
            <line number="108" hits="70" branch="False" />
            <line number="109" hits="70" branch="False" />
            <line number="110" hits="70" branch="False" />
            <line number="113" hits="41" branch="False" />
            <line number="114" hits="41" branch="False" />
            <line number="116" hits="41" branch="True" condition-coverage="100% (2/2)">
              <conditions>
                <condition number="22" type="jump" coverage="100%" />
              </conditions>
            </line>
            <line number="117" hits="14" branch="False" />
            <line number="118" hits="52" branch="True" condition-coverage="100% (2/2)">
              <conditions>
                <condition number="98" type="jump" coverage="100%" />
              </conditions>
            </line>
            <line number="119" hits="10" branch="False" />
            <line number="120" hits="10" branch="True" condition-coverage="50% (1/2)">
              <conditions>
                <condition number="82" type="jump" coverage="50%" />
              </conditions>
            </line>
            <line number="121" hits="10" branch="False" />
            <line number="122" hits="10" branch="False" />
            <line number="124" hits="0" branch="False" />
            <line number="125" hits="4" branch="False" />
            <line number="126" hits="31" branch="False" />
            <line number="127" hits="41" branch="False" />
            <line number="130" hits="4" branch="False" />
            <line number="131" hits="14" branch="True" condition-coverage="100% (2/2)">
              <conditions>
                <condition number="56" type="jump" coverage="100%" />
              </conditions>
            </line>
            <line number="132" hits="2" branch="False" />
            <line number="133" hits="2" branch="True" condition-coverage="50% (1/2)">
              <conditions>
                <condition number="42" type="jump" coverage="50%" />
              </conditions>
            </line>
            <line number="134" hits="2" branch="False" />
            <line number="135" hits="0" branch="False" />
            <line number="136" hits="2" branch="False" />
            <line number="137" hits="4" branch="False" />
            <line number="142" hits="2" branch="False" />
            <line number="143" hits="2" branch="True" condition-coverage="100% (2/2)">
              <conditions>
                <condition number="10" type="jump" coverage="100%" />
              </conditions>
            </line>
            <line number="144" hits="1" branch="False" />
            <line number="145" hits="1" branch="False" />
            <line number="146" hits="1" branch="False" />
            <line number="148" hits="1" branch="False" />
            <line number="149" hits="1" branch="False" />
            <line number="151" hits="2" branch="False" />
            <line number="152" hits="2" branch="True" condition-coverage="50% (1/2)">
              <conditions>
                <condition number="12" type="jump" coverage="50%" />
              </conditions>
            </line>
            <line number="153" hits="2" branch="False" />
            <line number="154" hits="2" branch="True" condition-coverage="100% (2/2)">
              <conditions>
                <condition number="24" type="jump" coverage="100%" />
              </conditions>
            </line>
            <line number="155" hits="1" branch="False" />
            <line number="156" hits="1" branch="False" />
            <line number="157" hits="1" branch="False" />
            <line number="158" hits="1" branch="False" />
            <line number="160" hits="1" branch="False" />
            <line number="161" hits="1" branch="False" />
            <line number="163" hits="1" branch="False" />
            <line number="165" hits="0" branch="False" />
            <line number="166" hits="0" branch="False" />
            <line number="168" hits="1" branch="False" />
            <line number="172" hits="1" branch="False" />
            <line number="173" hits="5" branch="True" condition-coverage="100% (2/2)">
              <conditions>
                <condition number="68" type="jump" coverage="100%" />
              </conditions>
            </line>
            <line number="174" hits="1" branch="False" />
            <line number="175" hits="1" branch="True" condition-coverage="100% (2/2)">
              <conditions>
                <condition number="48" type="jump" coverage="100%" />
              </conditions>
            </line>
            <line number="176" hits="1" branch="False" />
            <line number="177" hits="1" branch="False" />
            <line number="178" hits="1" branch="False" />
            <line number="179" hits="1" branch="False" />
            <line number="180" hits="1" branch="False" />
            <line number="183" hits="1" branch="False" />
            <line number="184" hits="4" branch="True" condition-coverage="50% (1/2)">
              <conditions>
                <condition number="69" type="jump" coverage="50%" />
              </conditions>
            </line>
            <line number="185" hits="1" branch="False" />
            <line number="186" hits="1" branch="True" condition-coverage="50% (1/2)">
              <conditions>
                <condition number="48" type="jump" coverage="50%" />
              </conditions>
            </line>
            <line number="187" hits="1" branch="False" />
            <line number="188" hits="1" branch="False" />
            <line number="190" hits="0" branch="False" />
            <line number="191" hits="0" branch="False" />
            <line number="192" hits="1" branch="False" />
            <line number="195" hits="22" branch="False" />
            <line number="196" hits="22" branch="False" />
            <line number="198" hits="22" branch="True" condition-coverage="100% (2/2)">
              <conditions>
                <condition number="24" type="jump" coverage="100%" />
              </conditions>
            </line>
            <line number="199" hits="22" branch="False" />
            <line number="200" hits="22" branch="False" />
            <line number="201" hits="22" branch="False" />
            <line number="202" hits="22" branch="False" />
            <line number="205" hits="14" branch="False" />
            <line number="206" hits="14" branch="False" />
            <line number="207" hits="14" branch="False" />
            <line number="210" hits="0" branch="False" />
            <line number="211" hits="0" branch="False" />
            <line number="212" hits="0" branch="False" />
            <line number="215" hits="11" branch="False" />
            <line number="216" hits="11" branch="False" />
            <line number="217" hits="11" branch="False" />
            <line number="220" hits="1" branch="False" />
            <line number="221" hits="1" branch="False" />
            <line number="222" hits="1" branch="False" />
            <line number="225" hits="4" branch="False" />
            <line number="226" hits="4" branch="False" />
            <line number="227" hits="4" branch="False" />
            <line number="230" hits="2" branch="False" />
            <line number="231" hits="2" branch="True" condition-coverage="100% (4/4)">
              <conditions>
                <condition number="3" type="jump" coverage="100%" />
                <condition number="23" type="jump" coverage="100%" />
              </conditions>
            </line>
            <line number="232" hits="1" branch="False" />
            <line number="234" hits="5" branch="True" condition-coverage="100% (2/2)">
              <conditions>
                <condition number="70" type="jump" coverage="100%" />
              </conditions>
            </line>
            <line number="235" hits="1" branch="False" />
            <line number="236" hits="1" branch="False" />
            <line number="237" hits="1" branch="False" />
            <line number="238" hits="1" branch="False" />
            <line number="239" hits="1" branch="False" />
            <line number="242" hits="1" branch="False" />
            <line number="243" hits="1" branch="False" />
            <line number="244" hits="1" branch="False" />
            <line number="247" hits="2" branch="False" />
            <line number="248" hits="2" branch="False" />
            <line number="249" hits="10" branch="True" condition-coverage="100% (2/2)">
              <conditions>
                <condition number="57" type="jump" coverage="100%" />
              </conditions>
            </line>
            <line number="250" hits="2" branch="False" />
            <line number="251" hits="2" branch="False" />
            <line number="252" hits="2" branch="False" />
            <line number="253" hits="2" branch="False" />
            <line number="254" hits="2" branch="False" />
            <line number="255" hits="2" branch="False" />
            <line number="256" hits="2" branch="False" />
            <line number="259" hits="1" branch="False" />
            <line number="260" hits="1" branch="False" />
            <line number="261" hits="1" branch="False" />
            <line number="263" hits="1" branch="False" />
            <line number="266" hits="1" branch="False" />
            <line number="267" hits="1" branch="False" />
            <line number="268" hits="1" branch="False" />
            <line number="269" hits="5" branch="True" condition-coverage="100% (2/2)">
              <conditions>
                <condition number="97" type="jump" coverage="100%" />
              </conditions>
            </line>
            <line number="270" hits="1" branch="False" />
            <line number="271" hits="1" branch="False" />
            <line number="272" hits="1" branch="True" condition-coverage="100% (2/2)">
              <conditions>
                <condition number="68" type="jump" coverage="100%" />
              </conditions>
            </line>
            <line number="273" hits="1" branch="False" />
            <line number="274" hits="1" branch="False" />
            <line number="275" hits="1" branch="False" />
            <line number="276" hits="1" branch="False" />
            <line number="277" hits="1" branch="False" />
            <line number="278" hits="1" branch="False" />
            <line number="279" hits="1" branch="False" />
            <line number="282" hits="3" branch="False" />
            <line number="283" hits="3" branch="True" condition-coverage="50% (1/2)">
              <conditions>
                <condition number="14" type="jump" coverage="50%" />
              </conditions>
            </line>
            <line number="284" hits="3" branch="False" />
            <line number="285" hits="3" branch="True" condition-coverage="50% (1/2)">
              <conditions>
                <condition number="41" type="jump" coverage="50%" />
              </conditions>
            </line>
            <line number="286" hits="0" branch="False" />
            <line number="288" hits="3" branch="False" />
            <line number="289" hits="3" branch="False" />
            <line number="291" hits="15" branch="True" condition-coverage="100% (2/2)">
              <conditions>
                <condition number="101" type="jump" coverage="100%" />
              </conditions>
            </line>
            <line number="292" hits="3" branch="False" />
            <line number="293" hits="3" branch="False" />
            <line number="294" hits="3" branch="False" />
            <line number="296" hits="15" branch="True" condition-coverage="100% (2/2)">
              <conditions>
                <condition number="156" type="jump" coverage="100%" />
              </conditions>
            </line>
            <line number="297" hits="3" branch="False" />
            <line number="298" hits="3" branch="False" />
            <line number="299" hits="3" branch="False" />
            <line number="301" hits="12" branch="True" condition-coverage="100% (2/2)">
              <conditions>
                <condition number="235" type="jump" coverage="100%" />
              </conditions>
            </line>
            <line number="302" hits="3" branch="False" />
            <line number="303" hits="3" branch="True" condition-coverage="50% (1/2)">
              <conditions>
                <condition number="207" type="jump" coverage="50%" />
              </conditions>
            </line>
            <line number="304" hits="0" branch="False" />
            <line number="305" hits="3" branch="False" />
            <line number="306" hits="3" branch="False" />
            <line number="308" hits="0" branch="False" />
            <line number="309" hits="3" branch="False" />
            <line number="37" hits="1" branch="False" />
            <line number="38" hits="1" branch="False" />
            <line number="39" hits="1" branch="False" />
            <line number="40" hits="1" branch="False" />
            <line number="41" hits="1" branch="False" />
            <line number="43" hits="24" branch="False" />
            <line number="44" hits="24" branch="False" />
            <line number="45" hits="24" branch="False" />
            <line number="46" hits="24" branch="False" />
            <line number="47" hits="24" branch="False" />
            <line number="49" hits="1" branch="False" />
            <line number="50" hits="1" branch="False" />
            <line number="51" hits="1" branch="False" />
            <line number="52" hits="1" branch="False" />
            <line number="53" hits="1" branch="False" />
            <line number="54" hits="1" branch="False" />
          </lines>
        </class>
        <class name="HashTable.KeysAndValues`2" filename="source\repos\HashTable\HashTable\KeysValues.cs" line-rate="0.875" branch-rate="0.5" complexity="6">
          <methods>
            <method name="get_Key" signature="()" line-rate="1" branch-rate="1" complexity="1">
              <lines>
                <line number="11" hits="85" branch="False" />
              </lines>
            </method>
            <method name="get_Value" signature="()" line-rate="1" branch-rate="1" complexity="1">
              <lines>
                <line number="12" hits="68" branch="False" />
              </lines>
            </method>
            <method name="Equals" signature="(System.Object)" line-rate="0.8332999999999999" branch-rate="0.5" complexity="4">
              <lines>
                <line number="15" hits="6" branch="False" />
                <line number="16" hits="6" branch="True" condition-coverage="50% (1/2)">
                  <conditions>
                    <condition number="14" type="jump" coverage="50%" />
                  </conditions>
                </line>
                <line number="17" hits="6" branch="False" />
                <line number="18" hits="6" branch="True" condition-coverage="50% (1/2)">
                  <conditions>
                    <condition number="48" type="jump" coverage="50%" />
                  </conditions>
                </line>
                <line number="20" hits="0" branch="False" />
                <line number="21" hits="6" branch="False" />
              </lines>
            </method>
          </methods>
          <lines>
            <line number="11" hits="85" branch="False" />
            <line number="12" hits="68" branch="False" />
            <line number="15" hits="6" branch="False" />
            <line number="16" hits="6" branch="True" condition-coverage="50% (1/2)">
              <conditions>
                <condition number="14" type="jump" coverage="50%" />
              </conditions>
            </line>
            <line number="17" hits="6" branch="False" />
            <line number="18" hits="6" branch="True" condition-coverage="50% (1/2)">
              <conditions>
                <condition number="48" type="jump" coverage="50%" />
              </conditions>
            </line>
            <line number="20" hits="0" branch="False" />
            <line number="21" hits="6" branch="False" />
          </lines>
        </class>
      </classes>
    </package>
    <package name="Tests" line-rate="0.9508" branch-rate="1" complexity="28">
      <classes>
        <class name="AutoGeneratedProgram" filename=".nuget\packages\microsoft.net.test.sdk\17.11.1\build\netcoreapp3.1\Microsoft.NET.Test.Sdk.Program.cs" line-rate="0" branch-rate="1" complexity="1">
          <methods>
            <method name="Main" signature="(System.String[])" line-rate="0" branch-rate="1" complexity="1">
              <lines>
                <line number="4" hits="0" branch="False" />
              </lines>
            </method>
          </methods>
          <lines>
            <line number="4" hits="0" branch="False" />
          </lines>
        </class>
        <class name="Tests.Test" filename="source\repos\HashTable\Tests\Test.cs" line-rate="0.9586" branch-rate="1" complexity="27">
          <methods>
            <method name="TestAdd" signature="()" line-rate="1" branch-rate="1" complexity="1">
              <lines>
                <line number="14" hits="1" branch="False" />
                <line number="15" hits="1" branch="False" />
                <line number="16" hits="1" branch="False" />
                <line number="17" hits="1" branch="False" />
                <line number="18" hits="1" branch="False" />
                <line number="19" hits="1" branch="False" />
              </lines>
            </method>
            <method name="TestFalseContains" signature="()" line-rate="1" branch-rate="1" complexity="1">
              <lines>
                <line number="22" hits="1" branch="False" />
                <line number="23" hits="1" branch="False" />
                <line number="24" hits="1" branch="False" />
                <line number="25" hits="1" branch="False" />
                <line number="26" hits="1" branch="False" />
              </lines>
            </method>
            <method name="TestRemove" signature="()" line-rate="1" branch-rate="1" complexity="1">
              <lines>
                <line number="30" hits="1" branch="False" />
                <line number="31" hits="1" branch="False" />
                <line number="32" hits="1" branch="False" />
                <line number="33" hits="1" branch="False" />
                <line number="34" hits="1" branch="False" />
                <line number="35" hits="1" branch="False" />
                <line number="36" hits="1" branch="False" />
              </lines>
            </method>
            <method name="TestExceptionAdd" signature="()" line-rate="1" branch-rate="1" complexity="1">
              <lines>
                <line number="40" hits="1" branch="False" />
                <line number="41" hits="1" branch="False" />
                <line number="42" hits="1" branch="False" />
              </lines>
            </method>
            <method name="TestDoubleAdd" signature="()" line-rate="0.75" branch-rate="1" complexity="1">
              <lines>
                <line number="45" hits="1" branch="False" />
                <line number="46" hits="1" branch="False" />
                <line number="47" hits="1" branch="False" />
                <line number="48" hits="0" branch="False" />
              </lines>
            </method>
            <method name="TestExceptionRemove" signature="()" line-rate="1" branch-rate="1" complexity="1">
              <lines>
                <line number="51" hits="1" branch="False" />
                <line number="52" hits="1" branch="False" />
                <line number="53" hits="1" branch="False" />
              </lines>
            </method>
            <method name="TestFalseRemove" signature="()" line-rate="0.8" branch-rate="1" complexity="1">
              <lines>
                <line number="55" hits="1" branch="False" />
                <line number="56" hits="1" branch="False" />
                <line number="57" hits="1" branch="False" />
                <line number="58" hits="1" branch="False" />
                <line number="59" hits="0" branch="False" />
              </lines>
            </method>
            <method name="IndexGet" signature="()" line-rate="1" branch-rate="1" complexity="1">
              <lines>
                <line number="63" hits="1" branch="False" />
                <line number="64" hits="1" branch="False" />
                <line number="65" hits="1" branch="False" />
                <line number="66" hits="1" branch="False" />
              </lines>
            </method>
            <method name="IndexSet" signature="()" line-rate="1" branch-rate="1" complexity="1">
              <lines>
                <line number="69" hits="1" branch="False" />
                <line number="70" hits="1" branch="False" />
                <line number="71" hits="1" branch="False" />
                <line number="72" hits="1" branch="False" />
              </lines>
            </method>
            <method name="TestExceptionGet" signature="()" line-rate="1" branch-rate="1" complexity="1">
              <lines>
                <line number="76" hits="1" branch="False" />
                <line number="77" hits="1" branch="False" />
                <line number="78" hits="1" branch="False" />
              </lines>
            </method>
            <method name="TestGet" signature="()" line-rate="0.75" branch-rate="1" complexity="1">
              <lines>
                <line number="80" hits="1" branch="False" />
                <line number="81" hits="1" branch="False" />
                <line number="82" hits="1" branch="False" />
                <line number="83" hits="0" branch="False" />
              </lines>
            </method>
            <method name="TestExceptionSet" signature="()" line-rate="1" branch-rate="1" complexity="1">
              <lines>
                <line number="87" hits="1" branch="False" />
                <line number="88" hits="1" branch="False" />
                <line number="89" hits="1" branch="False" />
              </lines>
            </method>
            <method name="TestSet" signature="()" line-rate="0.75" branch-rate="1" complexity="1">
              <lines>
                <line number="91" hits="1" branch="False" />
                <line number="92" hits="1" branch="False" />
                <line number="93" hits="1" branch="False" />
                <line number="94" hits="0" branch="False" />
              </lines>
            </method>
            <method name="TestAnotherAdd" signature="()" line-rate="1" branch-rate="1" complexity="1">
              <lines>
                <line number="98" hits="1" branch="False" />
                <line number="99" hits="1" branch="False" />
                <line number="100" hits="1" branch="False" />
                <line number="101" hits="1" branch="False" />
                <line number="102" hits="1" branch="False" />
                <line number="103" hits="1" branch="False" />
              </lines>
            </method>
            <method name="TestAnotherRemove" signature="()" line-rate="1" branch-rate="1" complexity="1">
              <lines>
                <line number="107" hits="1" branch="False" />
                <line number="108" hits="1" branch="False" />
                <line number="109" hits="1" branch="False" />
                <line number="110" hits="1" branch="False" />
                <line number="111" hits="1" branch="False" />
              </lines>
            </method>
            <method name="TestClear" signature="()" line-rate="1" branch-rate="1" complexity="1">
              <lines>
                <line number="115" hits="1" branch="False" />
                <line number="116" hits="1" branch="False" />
                <line number="117" hits="1" branch="False" />
                <line number="118" hits="1" branch="False" />
                <line number="119" hits="1" branch="False" />
              </lines>
            </method>
            <method name="TestCapacity" signature="()" line-rate="1" branch-rate="1" complexity="1">
              <lines>
                <line number="123" hits="1" branch="False" />
                <line number="124" hits="1" branch="False" />
                <line number="125" hits="1" branch="False" />
                <line number="126" hits="1" branch="False" />
              </lines>
            </method>
            <method name="TestCount" signature="()" line-rate="1" branch-rate="1" complexity="1">
              <lines>
                <line number="130" hits="1" branch="False" />
                <line number="131" hits="1" branch="False" />
                <line number="132" hits="1" branch="False" />
                <line number="133" hits="1" branch="False" />
              </lines>
            </method>
            <method name="TestClone" signature="()" line-rate="1" branch-rate="1" complexity="1">
              <lines>
                <line number="137" hits="1" branch="False" />
                <line number="138" hits="1" branch="False" />
                <line number="139" hits="1" branch="False" />
                <line number="140" hits="1" branch="False" />
                <line number="141" hits="1" branch="False" />
              </lines>
            </method>
            <method name="TestConstruct" signature="()" line-rate="1" branch-rate="1" complexity="1">
              <lines>
                <line number="145" hits="1" branch="False" />
                <line number="146" hits="1" branch="False" />
                <line number="147" hits="1" branch="False" />
                <line number="148" hits="1" branch="False" />
              </lines>
            </method>
            <method name="TestSecondConstruct" signature="()" line-rate="1" branch-rate="1" complexity="1">
              <lines>
                <line number="152" hits="1" branch="False" />
                <line number="153" hits="1" branch="False" />
                <line number="154" hits="1" branch="False" />
                <line number="155" hits="1" branch="False" />
                <line number="156" hits="1" branch="False" />
              </lines>
            </method>
            <method name="TestCopyTo" signature="()" line-rate="1" branch-rate="1" complexity="1">
              <lines>
                <line number="160" hits="1" branch="False" />
                <line number="161" hits="1" branch="False" />
                <line number="162" hits="1" branch="False" />
                <line number="163" hits="1" branch="False" />
                <line number="164" hits="1" branch="False" />
                <line number="165" hits="1" branch="False" />
                <line number="166" hits="1" branch="False" />
                <line number="167" hits="1" branch="False" />
              </lines>
            </method>
            <method name="TestExceptionCopy" signature="()" line-rate="1" branch-rate="1" complexity="1">
              <lines>
                <line number="171" hits="1" branch="False" />
                <line number="172" hits="1" branch="False" />
                <line number="173" hits="1" branch="False" />
              </lines>
            </method>
            <method name="TestCopy" signature="()" line-rate="0.8" branch-rate="1" complexity="1">
              <lines>
                <line number="175" hits="1" branch="False" />
                <line number="176" hits="1" branch="False" />
                <line number="177" hits="1" branch="False" />
                <line number="178" hits="1" branch="False" />
                <line number="179" hits="0" branch="False" />
              </lines>
            </method>
            <method name="TestShallowCopy" signature="()" line-rate="1" branch-rate="1" complexity="1">
              <lines>
                <line number="183" hits="1" branch="False" />
                <line number="184" hits="1" branch="False" />
                <line number="185" hits="1" branch="False" />
                <line number="186" hits="1" branch="False" />
                <line number="187" hits="1" branch="False" />
              </lines>
            </method>
            <method name="TestRange" signature="()" line-rate="1" branch-rate="1" complexity="1">
              <lines>
                <line number="191" hits="1" branch="False" />
                <line number="192" hits="1" branch="False" />
                <line number="193" hits="1" branch="False" />
                <line number="194" hits="1" branch="False" />
                <line number="195" hits="1" branch="False" />
                <line number="197" hits="1" branch="False" />
              </lines>
            </method>
            <method name=".ctor" signature="()" line-rate="1" branch-rate="1" complexity="1">
              <lines>
                <line number="10" hits="21" branch="False" />
              </lines>
            </method>
          </methods>
          <lines>
            <line number="14" hits="1" branch="False" />
            <line number="15" hits="1" branch="False" />
            <line number="16" hits="1" branch="False" />
            <line number="17" hits="1" branch="False" />
            <line number="18" hits="1" branch="False" />
            <line number="19" hits="1" branch="False" />
            <line number="22" hits="1" branch="False" />
            <line number="23" hits="1" branch="False" />
            <line number="24" hits="1" branch="False" />
            <line number="25" hits="1" branch="False" />
            <line number="26" hits="1" branch="False" />
            <line number="30" hits="1" branch="False" />
            <line number="31" hits="1" branch="False" />
            <line number="32" hits="1" branch="False" />
            <line number="33" hits="1" branch="False" />
            <line number="34" hits="1" branch="False" />
            <line number="35" hits="1" branch="False" />
            <line number="36" hits="1" branch="False" />
            <line number="40" hits="1" branch="False" />
            <line number="41" hits="1" branch="False" />
            <line number="42" hits="1" branch="False" />
            <line number="45" hits="1" branch="False" />
            <line number="46" hits="1" branch="False" />
            <line number="47" hits="1" branch="False" />
            <line number="48" hits="0" branch="False" />
            <line number="51" hits="1" branch="False" />
            <line number="52" hits="1" branch="False" />
            <line number="53" hits="1" branch="False" />
            <line number="55" hits="1" branch="False" />
            <line number="56" hits="1" branch="False" />
            <line number="57" hits="1" branch="False" />
            <line number="58" hits="1" branch="False" />
            <line number="59" hits="0" branch="False" />
            <line number="63" hits="1" branch="False" />
            <line number="64" hits="1" branch="False" />
            <line number="65" hits="1" branch="False" />
            <line number="66" hits="1" branch="False" />
            <line number="69" hits="1" branch="False" />
            <line number="70" hits="1" branch="False" />
            <line number="71" hits="1" branch="False" />
            <line number="72" hits="1" branch="False" />
            <line number="76" hits="1" branch="False" />
            <line number="77" hits="1" branch="False" />
            <line number="78" hits="1" branch="False" />
            <line number="80" hits="1" branch="False" />
            <line number="81" hits="1" branch="False" />
            <line number="82" hits="1" branch="False" />
            <line number="83" hits="0" branch="False" />
            <line number="87" hits="1" branch="False" />
            <line number="88" hits="1" branch="False" />
            <line number="89" hits="1" branch="False" />
            <line number="91" hits="1" branch="False" />
            <line number="92" hits="1" branch="False" />
            <line number="93" hits="1" branch="False" />
            <line number="94" hits="0" branch="False" />
            <line number="98" hits="1" branch="False" />
            <line number="99" hits="1" branch="False" />
            <line number="100" hits="1" branch="False" />
            <line number="101" hits="1" branch="False" />
            <line number="102" hits="1" branch="False" />
            <line number="103" hits="1" branch="False" />
            <line number="107" hits="1" branch="False" />
            <line number="108" hits="1" branch="False" />
            <line number="109" hits="1" branch="False" />
            <line number="110" hits="1" branch="False" />
            <line number="111" hits="1" branch="False" />
            <line number="115" hits="1" branch="False" />
            <line number="116" hits="1" branch="False" />
            <line number="117" hits="1" branch="False" />
            <line number="118" hits="1" branch="False" />
            <line number="119" hits="1" branch="False" />
            <line number="123" hits="1" branch="False" />
            <line number="124" hits="1" branch="False" />
            <line number="125" hits="1" branch="False" />
            <line number="126" hits="1" branch="False" />
            <line number="130" hits="1" branch="False" />
            <line number="131" hits="1" branch="False" />
            <line number="132" hits="1" branch="False" />
            <line number="133" hits="1" branch="False" />
            <line number="137" hits="1" branch="False" />
            <line number="138" hits="1" branch="False" />
            <line number="139" hits="1" branch="False" />
            <line number="140" hits="1" branch="False" />
            <line number="141" hits="1" branch="False" />
            <line number="145" hits="1" branch="False" />
            <line number="146" hits="1" branch="False" />
            <line number="147" hits="1" branch="False" />
            <line number="148" hits="1" branch="False" />
            <line number="152" hits="1" branch="False" />
            <line number="153" hits="1" branch="False" />
            <line number="154" hits="1" branch="False" />
            <line number="155" hits="1" branch="False" />
            <line number="156" hits="1" branch="False" />
            <line number="160" hits="1" branch="False" />
            <line number="161" hits="1" branch="False" />
            <line number="162" hits="1" branch="False" />
            <line number="163" hits="1" branch="False" />
            <line number="164" hits="1" branch="False" />
            <line number="165" hits="1" branch="False" />
            <line number="166" hits="1" branch="False" />
            <line number="167" hits="1" branch="False" />
            <line number="171" hits="1" branch="False" />
            <line number="172" hits="1" branch="False" />
            <line number="173" hits="1" branch="False" />
            <line number="175" hits="1" branch="False" />
            <line number="176" hits="1" branch="False" />
            <line number="177" hits="1" branch="False" />
            <line number="178" hits="1" branch="False" />
            <line number="179" hits="0" branch="False" />
            <line number="183" hits="1" branch="False" />
            <line number="184" hits="1" branch="False" />
            <line number="185" hits="1" branch="False" />
            <line number="186" hits="1" branch="False" />
            <line number="187" hits="1" branch="False" />
            <line number="191" hits="1" branch="False" />
            <line number="192" hits="1" branch="False" />
            <line number="193" hits="1" branch="False" />
            <line number="194" hits="1" branch="False" />
            <line number="195" hits="1" branch="False" />
            <line number="197" hits="1" branch="False" />
            <line number="10" hits="21" branch="False" />
          </lines>
        </class>
      </classes>
    </package>
  </packages>
</coverage>